This is e-upTeX, Version 3.141592653-p4.1.2-u2.00-250202-2.6 (utf8.sjis) (TeX Live 2025) (preloaded format=platex 2025.5.1)  22 DEC 2025 18:01
entering extended mode
 restricted \write18 enabled.
 file:line:error style messages enabled.
 %&-line parsing enabled.
**c:/Users/wadaso/OneDrive/Desktop/ÂçíË´ñ/git/pbl2025/emda_report_main.tex
(c:/Users/wadaso/OneDrive/Desktop/ÂçíË´ñ/git/pbl2025/emda_report_main.tex
pLaTeX2e <2023-02-14>+1, based on
LaTeX2e <2024-11-01> patch level 2
L3 programming layer <2025-01-18>

! LaTeX Error: File `ipsj.cls' not found.

Type X to quit or <RETURN> to proceed,
or enter new name. (Default extension: cls)

Enter file name: 
c:/Users/wadaso/OneDrive/Desktop/ë≤ò_/git/pbl2025/emda_report_main.tex:3: Emergency stop.
<read *> 
         
l.3 ^^M
       
*** (cannot \read from terminal in nonstop modes)

 
Here is how much of TeX's memory you used:
 22 strings out of 473836
 588 string characters out of 5734523
 385710 words of memory out of 5000000
 23375 multiletter control sequences out of 15000+600000
 562708 words of font info for 53 fonts, out of 8000000 for 9000
 929 hyphenation exceptions out of 8191
 19i,0n,29p,176b,18s stack positions out of 10000i,1000n,20000p,200000b,200000s
No pages of output.
